{"/Users/roie.raz/Desktop/zemingo/zemingo-home-assignment/backend/src/app.ts": {"path":"/Users/roie.raz/Desktop/zemingo/zemingo-home-assignment/backend/src/app.ts","statementMap":{"0":{"start":{"line":1,"column":0},"end":{"line":1,"column":30}},"1":{"start":{"line":2,"column":0},"end":{"line":2,"column":24}},"2":{"start":{"line":3,"column":0},"end":{"line":3,"column":51}},"3":{"start":{"line":4,"column":0},"end":{"line":4,"column":55}},"4":{"start":{"line":5,"column":0},"end":{"line":5,"column":43}},"5":{"start":{"line":6,"column":0},"end":{"line":6,"column":45}},"6":{"start":{"line":8,"column":12},"end":{"line":8,"column":21}},"7":{"start":{"line":10,"column":0},"end":{"line":10,"column":24}},"8":{"start":{"line":11,"column":0},"end":{"line":11,"column":16}},"9":{"start":{"line":13,"column":0},"end":{"line":13,"column":68}},"10":{"start":{"line":15,"column":0},"end":{"line":15,"column":39}},"11":{"start":{"line":16,"column":0},"end":{"line":16,"column":43}},"12":{"start":{"line":18,"column":0},"end":{"line":18,"column":19}}},"fnMap":{},"branchMap":{},"s":{"0":2,"1":2,"2":2,"3":2,"4":2,"5":2,"6":2,"7":2,"8":2,"9":2,"10":2,"11":2,"12":2},"f":{},"b":{}}
,"/Users/roie.raz/Desktop/zemingo/zemingo-home-assignment/backend/src/config/config.ts": {"path":"/Users/roie.raz/Desktop/zemingo/zemingo-home-assignment/backend/src/config/config.ts","statementMap":{"0":{"start":{"line":1,"column":0},"end":{"line":1,"column":28}},"1":{"start":{"line":2,"column":0},"end":{"line":2,"column":16}},"2":{"start":{"line":3,"column":15},"end":{"line":3,"column":46}},"3":{"start":{"line":4,"column":17},"end":{"line":4,"column":76}},"4":{"start":{"line":5,"column":0},"end":{"line":7,"column":1}},"5":{"start":{"line":6,"column":2},"end":{"line":6,"column":80}},"6":{"start":{"line":8,"column":13},"end":{"line":12,"column":2}}},"fnMap":{},"branchMap":{"0":{"loc":{"start":{"line":4,"column":17},"end":{"line":4,"column":76}},"type":"cond-expr","locations":[{"start":{"line":4,"column":26},"end":{"line":4,"column":52}},{"start":{"line":4,"column":55},"end":{"line":4,"column":76}}]},"1":{"loc":{"start":{"line":5,"column":0},"end":{"line":7,"column":1}},"type":"if","locations":[{"start":{"line":5,"column":0},"end":{"line":7,"column":1}}]},"2":{"loc":{"start":{"line":9,"column":8},"end":{"line":9,"column":32}},"type":"binary-expr","locations":[{"start":{"line":9,"column":8},"end":{"line":9,"column":24}},{"start":{"line":9,"column":28},"end":{"line":9,"column":32}}]},"3":{"loc":{"start":{"line":11,"column":11},"end":{"line":11,"column":48}},"type":"binary-expr","locations":[{"start":{"line":11,"column":11},"end":{"line":11,"column":31}},{"start":{"line":11,"column":35},"end":{"line":11,"column":48}}]}},"s":{"0":2,"1":2,"2":2,"3":2,"4":2,"5":0,"6":2},"f":{},"b":{"0":[2,0],"1":[0],"2":[2,0],"3":[2,0]}}
,"/Users/roie.raz/Desktop/zemingo/zemingo-home-assignment/backend/src/config/db.ts": {"path":"/Users/roie.raz/Desktop/zemingo/zemingo-home-assignment/backend/src/config/db.ts","statementMap":{"0":{"start":{"line":1,"column":0},"end":{"line":1,"column":32}},"1":{"start":{"line":2,"column":0},"end":{"line":2,"column":34}},"2":{"start":{"line":4,"column":25},"end":{"line":12,"column":1}},"3":{"start":{"line":5,"column":2},"end":{"line":11,"column":3}},"4":{"start":{"line":6,"column":4},"end":{"line":6,"column":45}},"5":{"start":{"line":7,"column":4},"end":{"line":7,"column":37}},"6":{"start":{"line":9,"column":4},"end":{"line":9,"column":55}},"7":{"start":{"line":10,"column":4},"end":{"line":10,"column":20}},"8":{"start":{"line":4,"column":13},"end":{"line":4,"column":25}}},"fnMap":{"0":{"name":"(anonymous_1)","decl":{"start":{"line":4,"column":25},"end":{"line":4,"column":30}},"loc":{"start":{"line":4,"column":36},"end":{"line":12,"column":1}}}},"branchMap":{},"s":{"0":2,"1":2,"2":2,"3":2,"4":2,"5":2,"6":0,"7":0,"8":2},"f":{"0":2},"b":{}}
,"/Users/roie.raz/Desktop/zemingo/zemingo-home-assignment/backend/src/controllers/inventoryController.ts": {"path":"/Users/roie.raz/Desktop/zemingo/zemingo-home-assignment/backend/src/controllers/inventoryController.ts","statementMap":{"0":{"start":{"line":2,"column":0},"end":{"line":2,"column":65}},"1":{"start":{"line":4,"column":28},"end":{"line":7,"column":1}},"2":{"start":{"line":5,"column":20},"end":{"line":5,"column":57}},"3":{"start":{"line":6,"column":2},"end":{"line":6,"column":34}},"4":{"start":{"line":4,"column":13},"end":{"line":4,"column":28}},"5":{"start":{"line":9,"column":28},"end":{"line":16,"column":1}},"6":{"start":{"line":10,"column":2},"end":{"line":15,"column":3}},"7":{"start":{"line":11,"column":22},"end":{"line":11,"column":67}},"8":{"start":{"line":12,"column":4},"end":{"line":12,"column":36}},"9":{"start":{"line":14,"column":4},"end":{"line":14,"column":49}},"10":{"start":{"line":9,"column":13},"end":{"line":9,"column":28}},"11":{"start":{"line":18,"column":30},"end":{"line":21,"column":1}},"12":{"start":{"line":19,"column":17},"end":{"line":19,"column":56}},"13":{"start":{"line":20,"column":2},"end":{"line":20,"column":31}},"14":{"start":{"line":18,"column":13},"end":{"line":18,"column":30}}},"fnMap":{"0":{"name":"(anonymous_9)","decl":{"start":{"line":4,"column":28},"end":{"line":4,"column":33}},"loc":{"start":{"line":4,"column":66},"end":{"line":7,"column":1}}},"1":{"name":"(anonymous_10)","decl":{"start":{"line":9,"column":28},"end":{"line":9,"column":33}},"loc":{"start":{"line":9,"column":66},"end":{"line":16,"column":1}}},"2":{"name":"(anonymous_11)","decl":{"start":{"line":18,"column":30},"end":{"line":18,"column":35}},"loc":{"start":{"line":18,"column":68},"end":{"line":21,"column":1}}}},"branchMap":{},"s":{"0":2,"1":2,"2":1,"3":1,"4":2,"5":2,"6":6,"7":6,"8":2,"9":4,"10":2,"11":2,"12":1,"13":1,"14":2},"f":{"0":1,"1":6,"2":1},"b":{}}
,"/Users/roie.raz/Desktop/zemingo/zemingo-home-assignment/backend/src/controllers/productController.ts": {"path":"/Users/roie.raz/Desktop/zemingo/zemingo-home-assignment/backend/src/controllers/productController.ts","statementMap":{"0":{"start":{"line":3,"column":0},"end":{"line":3,"column":61}},"1":{"start":{"line":5,"column":30},"end":{"line":8,"column":1}},"2":{"start":{"line":6,"column":19},"end":{"line":6,"column":56}},"3":{"start":{"line":7,"column":2},"end":{"line":7,"column":33}},"4":{"start":{"line":5,"column":13},"end":{"line":5,"column":30}},"5":{"start":{"line":10,"column":26},"end":{"line":20,"column":1}},"6":{"start":{"line":14,"column":2},"end":{"line":19,"column":3}},"7":{"start":{"line":15,"column":21},"end":{"line":15,"column":62}},"8":{"start":{"line":16,"column":4},"end":{"line":16,"column":35}},"9":{"start":{"line":18,"column":4},"end":{"line":18,"column":49}},"10":{"start":{"line":10,"column":13},"end":{"line":10,"column":26}},"11":{"start":{"line":22,"column":29},"end":{"line":35,"column":1}},"12":{"start":{"line":26,"column":2},"end":{"line":34,"column":3}},"13":{"start":{"line":27,"column":24},"end":{"line":27,"column":34}},"14":{"start":{"line":28,"column":30},"end":{"line":28,"column":38}},"15":{"start":{"line":30,"column":21},"end":{"line":30,"column":73}},"16":{"start":{"line":31,"column":4},"end":{"line":31,"column":35}},"17":{"start":{"line":33,"column":4},"end":{"line":33,"column":49}},"18":{"start":{"line":22,"column":13},"end":{"line":22,"column":29}},"19":{"start":{"line":37,"column":29},"end":{"line":49,"column":1}},"20":{"start":{"line":41,"column":2},"end":{"line":48,"column":3}},"21":{"start":{"line":42,"column":21},"end":{"line":42,"column":31}},"22":{"start":{"line":44,"column":21},"end":{"line":44,"column":61}},"23":{"start":{"line":45,"column":4},"end":{"line":45,"column":35}},"24":{"start":{"line":47,"column":4},"end":{"line":47,"column":49}},"25":{"start":{"line":37,"column":13},"end":{"line":37,"column":29}}},"fnMap":{"0":{"name":"(anonymous_9)","decl":{"start":{"line":5,"column":30},"end":{"line":5,"column":35}},"loc":{"start":{"line":5,"column":68},"end":{"line":8,"column":1}}},"1":{"name":"(anonymous_10)","decl":{"start":{"line":10,"column":26},"end":{"line":10,"column":31}},"loc":{"start":{"line":13,"column":4},"end":{"line":20,"column":1}}},"2":{"name":"(anonymous_11)","decl":{"start":{"line":22,"column":29},"end":{"line":22,"column":34}},"loc":{"start":{"line":25,"column":4},"end":{"line":35,"column":1}}},"3":{"name":"(anonymous_12)","decl":{"start":{"line":37,"column":29},"end":{"line":37,"column":34}},"loc":{"start":{"line":40,"column":4},"end":{"line":49,"column":1}}}},"branchMap":{},"s":{"0":2,"1":2,"2":1,"3":1,"4":2,"5":2,"6":13,"7":13,"8":11,"9":2,"10":2,"11":2,"12":4,"13":4,"14":4,"15":4,"16":1,"17":3,"18":2,"19":2,"20":2,"21":2,"22":2,"23":1,"24":1,"25":2},"f":{"0":1,"1":13,"2":4,"3":2},"b":{}}
,"/Users/roie.raz/Desktop/zemingo/zemingo-home-assignment/backend/src/docs/swagger.ts": {"path":"/Users/roie.raz/Desktop/zemingo/zemingo-home-assignment/backend/src/docs/swagger.ts","statementMap":{"0":{"start":{"line":1,"column":0},"end":{"line":1,"column":41}},"1":{"start":{"line":3,"column":38},"end":{"line":12,"column":2}},"2":{"start":{"line":14,"column":13},"end":{"line":14,"column":49}}},"fnMap":{},"branchMap":{},"s":{"0":2,"1":2,"2":2},"f":{},"b":{}}
,"/Users/roie.raz/Desktop/zemingo/zemingo-home-assignment/backend/src/models/InventoryItem.ts": {"path":"/Users/roie.raz/Desktop/zemingo/zemingo-home-assignment/backend/src/models/InventoryItem.ts","statementMap":{"0":{"start":{"line":1,"column":0},"end":{"line":1,"column":32}},"1":{"start":{"line":3,"column":24},"end":{"line":16,"column":2}},"2":{"start":{"line":18,"column":13},"end":{"line":18,"column":78}}},"fnMap":{},"branchMap":{},"s":{"0":2,"1":2,"2":2},"f":{},"b":{}}
,"/Users/roie.raz/Desktop/zemingo/zemingo-home-assignment/backend/src/models/Product.ts": {"path":"/Users/roie.raz/Desktop/zemingo/zemingo-home-assignment/backend/src/models/Product.ts","statementMap":{"0":{"start":{"line":1,"column":0},"end":{"line":1,"column":32}},"1":{"start":{"line":3,"column":22},"end":{"line":9,"column":2}},"2":{"start":{"line":11,"column":13},"end":{"line":11,"column":64}}},"fnMap":{},"branchMap":{},"s":{"0":2,"1":2,"2":2},"f":{},"b":{}}
,"/Users/roie.raz/Desktop/zemingo/zemingo-home-assignment/backend/src/routes/inventoryRoutes.ts": {"path":"/Users/roie.raz/Desktop/zemingo/zemingo-home-assignment/backend/src/routes/inventoryRoutes.ts","statementMap":{"0":{"start":{"line":1,"column":0},"end":{"line":1,"column":33}},"1":{"start":{"line":2,"column":0},"end":{"line":2,"column":null}},"2":{"start":{"line":8,"column":15},"end":{"line":8,"column":23}},"3":{"start":{"line":19,"column":0},"end":{"line":19,"column":30}},"4":{"start":{"line":43,"column":0},"end":{"line":43,"column":31}},"5":{"start":{"line":54,"column":0},"end":{"line":54,"column":38}},"6":{"start":{"line":57,"column":0},"end":{"line":57,"column":22}}},"fnMap":{},"branchMap":{},"s":{"0":2,"1":2,"2":2,"3":2,"4":2,"5":2,"6":2},"f":{},"b":{}}
,"/Users/roie.raz/Desktop/zemingo/zemingo-home-assignment/backend/src/routes/productRoutes.ts": {"path":"/Users/roie.raz/Desktop/zemingo/zemingo-home-assignment/backend/src/routes/productRoutes.ts","statementMap":{"0":{"start":{"line":1,"column":0},"end":{"line":1,"column":33}},"1":{"start":{"line":2,"column":0},"end":{"line":2,"column":null}},"2":{"start":{"line":9,"column":15},"end":{"line":9,"column":23}},"3":{"start":{"line":30,"column":0},"end":{"line":30,"column":35}},"4":{"start":{"line":39,"column":0},"end":{"line":39,"column":29}},"5":{"start":{"line":73,"column":0},"end":{"line":73,"column":39}},"6":{"start":{"line":94,"column":0},"end":{"line":94,"column":39}},"7":{"start":{"line":96,"column":0},"end":{"line":96,"column":22}}},"fnMap":{},"branchMap":{},"s":{"0":2,"1":2,"2":2,"3":2,"4":2,"5":2,"6":2,"7":2},"f":{},"b":{}}
,"/Users/roie.raz/Desktop/zemingo/zemingo-home-assignment/backend/src/services/inventoryService.ts": {"path":"/Users/roie.raz/Desktop/zemingo/zemingo-home-assignment/backend/src/services/inventoryService.ts","statementMap":{"0":{"start":{"line":1,"column":0},"end":{"line":1,"column":56}},"1":{"start":{"line":2,"column":0},"end":{"line":2,"column":44}},"2":{"start":{"line":5,"column":28},"end":{"line":7,"column":1}},"3":{"start":{"line":6,"column":2},"end":{"line":6,"column":36}},"4":{"start":{"line":5,"column":13},"end":{"line":5,"column":28}},"5":{"start":{"line":9,"column":28},"end":{"line":35,"column":1}},"6":{"start":{"line":10,"column":2},"end":{"line":14,"column":3}},"7":{"start":{"line":11,"column":4},"end":{"line":13,"column":6}},"8":{"start":{"line":16,"column":2},"end":{"line":29,"column":3}},"9":{"start":{"line":17,"column":4},"end":{"line":21,"column":5}},"10":{"start":{"line":18,"column":6},"end":{"line":20,"column":8}},"11":{"start":{"line":23,"column":26},"end":{"line":23,"column":68}},"12":{"start":{"line":24,"column":4},"end":{"line":28,"column":5}},"13":{"start":{"line":25,"column":6},"end":{"line":27,"column":8}},"14":{"start":{"line":31,"column":2},"end":{"line":31,"column":35}},"15":{"start":{"line":32,"column":2},"end":{"line":32,"column":40}},"16":{"start":{"line":34,"column":2},"end":{"line":34,"column":36}},"17":{"start":{"line":9,"column":13},"end":{"line":9,"column":28}},"18":{"start":{"line":37,"column":30},"end":{"line":40,"column":1}},"19":{"start":{"line":38,"column":2},"end":{"line":38,"column":35}},"20":{"start":{"line":39,"column":2},"end":{"line":39,"column":12}},"21":{"start":{"line":37,"column":13},"end":{"line":37,"column":30}}},"fnMap":{"0":{"name":"(anonymous_0)","decl":{"start":{"line":5,"column":28},"end":{"line":5,"column":33}},"loc":{"start":{"line":5,"column":39},"end":{"line":7,"column":1}}},"1":{"name":"(anonymous_1)","decl":{"start":{"line":9,"column":28},"end":{"line":9,"column":33}},"loc":{"start":{"line":9,"column":65},"end":{"line":35,"column":1}}},"2":{"name":"(anonymous_2)","decl":{"start":{"line":37,"column":30},"end":{"line":37,"column":35}},"loc":{"start":{"line":37,"column":41},"end":{"line":40,"column":1}}}},"branchMap":{"0":{"loc":{"start":{"line":10,"column":2},"end":{"line":14,"column":3}},"type":"if","locations":[{"start":{"line":10,"column":2},"end":{"line":14,"column":3}}]},"1":{"loc":{"start":{"line":17,"column":4},"end":{"line":21,"column":5}},"type":"if","locations":[{"start":{"line":17,"column":4},"end":{"line":21,"column":5}}]},"2":{"loc":{"start":{"line":17,"column":8},"end":{"line":17,"column":49}},"type":"binary-expr","locations":[{"start":{"line":17,"column":8},"end":{"line":17,"column":18}},{"start":{"line":17,"column":22},"end":{"line":17,"column":49}}]},"3":{"loc":{"start":{"line":24,"column":4},"end":{"line":28,"column":5}},"type":"if","locations":[{"start":{"line":24,"column":4},"end":{"line":28,"column":5}}]}},"s":{"0":2,"1":2,"2":2,"3":1,"4":2,"5":2,"6":6,"7":1,"8":5,"9":5,"10":2,"11":3,"12":3,"13":1,"14":2,"15":2,"16":2,"17":2,"18":2,"19":1,"20":1,"21":2},"f":{"0":1,"1":6,"2":1},"b":{"0":[1],"1":[2],"2":[5,4],"3":[1]}}
,"/Users/roie.raz/Desktop/zemingo/zemingo-home-assignment/backend/src/services/productService.ts": {"path":"/Users/roie.raz/Desktop/zemingo/zemingo-home-assignment/backend/src/services/productService.ts","statementMap":{"0":{"start":{"line":1,"column":0},"end":{"line":1,"column":44}},"1":{"start":{"line":3,"column":0},"end":{"line":3,"column":56}},"2":{"start":{"line":5,"column":30},"end":{"line":7,"column":1}},"3":{"start":{"line":6,"column":2},"end":{"line":6,"column":30}},"4":{"start":{"line":5,"column":13},"end":{"line":5,"column":30}},"5":{"start":{"line":9,"column":26},"end":{"line":23,"column":1}},"6":{"start":{"line":10,"column":19},"end":{"line":10,"column":26}},"7":{"start":{"line":12,"column":2},"end":{"line":14,"column":3}},"8":{"start":{"line":13,"column":4},"end":{"line":13,"column":56}},"9":{"start":{"line":16,"column":19},"end":{"line":16,"column":50}},"10":{"start":{"line":17,"column":2},"end":{"line":19,"column":3}},"11":{"start":{"line":18,"column":4},"end":{"line":18,"column":51}},"12":{"start":{"line":21,"column":2},"end":{"line":21,"column":33}},"13":{"start":{"line":22,"column":2},"end":{"line":22,"column":30}},"14":{"start":{"line":9,"column":13},"end":{"line":9,"column":26}},"15":{"start":{"line":25,"column":29},"end":{"line":44,"column":1}},"16":{"start":{"line":26,"column":2},"end":{"line":28,"column":3}},"17":{"start":{"line":27,"column":4},"end":{"line":27,"column":56}},"18":{"start":{"line":30,"column":18},"end":{"line":30,"column":58}},"19":{"start":{"line":31,"column":2},"end":{"line":33,"column":3}},"20":{"start":{"line":32,"column":4},"end":{"line":32,"column":41}},"21":{"start":{"line":35,"column":19},"end":{"line":35,"column":59}},"22":{"start":{"line":36,"column":2},"end":{"line":38,"column":3}},"23":{"start":{"line":37,"column":4},"end":{"line":37,"column":51}},"24":{"start":{"line":40,"column":2},"end":{"line":40,"column":25}},"25":{"start":{"line":41,"column":2},"end":{"line":41,"column":23}},"26":{"start":{"line":43,"column":2},"end":{"line":43,"column":30}},"27":{"start":{"line":25,"column":13},"end":{"line":25,"column":29}},"28":{"start":{"line":46,"column":29},"end":{"line":55,"column":1}},"29":{"start":{"line":47,"column":19},"end":{"line":47,"column":50}},"30":{"start":{"line":48,"column":2},"end":{"line":50,"column":3}},"31":{"start":{"line":49,"column":4},"end":{"line":49,"column":41}},"32":{"start":{"line":52,"column":2},"end":{"line":52,"column":36}},"33":{"start":{"line":53,"column":2},"end":{"line":53,"column":43}},"34":{"start":{"line":54,"column":2},"end":{"line":54,"column":30}},"35":{"start":{"line":46,"column":13},"end":{"line":46,"column":29}}},"fnMap":{"0":{"name":"(anonymous_0)","decl":{"start":{"line":5,"column":30},"end":{"line":5,"column":35}},"loc":{"start":{"line":5,"column":41},"end":{"line":7,"column":1}}},"1":{"name":"(anonymous_1)","decl":{"start":{"line":9,"column":26},"end":{"line":9,"column":31}},"loc":{"start":{"line":9,"column":57},"end":{"line":23,"column":1}}},"2":{"name":"(anonymous_2)","decl":{"start":{"line":25,"column":29},"end":{"line":25,"column":34}},"loc":{"start":{"line":25,"column":72},"end":{"line":44,"column":1}}},"3":{"name":"(anonymous_3)","decl":{"start":{"line":46,"column":29},"end":{"line":46,"column":34}},"loc":{"start":{"line":46,"column":52},"end":{"line":55,"column":1}}}},"branchMap":{"0":{"loc":{"start":{"line":12,"column":2},"end":{"line":14,"column":3}},"type":"if","locations":[{"start":{"line":12,"column":2},"end":{"line":14,"column":3}}]},"1":{"loc":{"start":{"line":17,"column":2},"end":{"line":19,"column":3}},"type":"if","locations":[{"start":{"line":17,"column":2},"end":{"line":19,"column":3}}]},"2":{"loc":{"start":{"line":26,"column":2},"end":{"line":28,"column":3}},"type":"if","locations":[{"start":{"line":26,"column":2},"end":{"line":28,"column":3}}]},"3":{"loc":{"start":{"line":31,"column":2},"end":{"line":33,"column":3}},"type":"if","locations":[{"start":{"line":31,"column":2},"end":{"line":33,"column":3}}]},"4":{"loc":{"start":{"line":36,"column":2},"end":{"line":38,"column":3}},"type":"if","locations":[{"start":{"line":36,"column":2},"end":{"line":38,"column":3}}]},"5":{"loc":{"start":{"line":48,"column":2},"end":{"line":50,"column":3}},"type":"if","locations":[{"start":{"line":48,"column":2},"end":{"line":50,"column":3}}]}},"s":{"0":2,"1":2,"2":2,"3":1,"4":2,"5":2,"6":13,"7":13,"8":1,"9":12,"10":12,"11":1,"12":11,"13":11,"14":2,"15":2,"16":4,"17":1,"18":3,"19":3,"20":1,"21":2,"22":2,"23":1,"24":1,"25":1,"26":1,"27":2,"28":2,"29":2,"30":2,"31":1,"32":1,"33":1,"34":1,"35":2},"f":{"0":1,"1":13,"2":4,"3":2},"b":{"0":[1],"1":[1],"2":[1],"3":[1],"4":[1],"5":[1]}}
}
