TN:
SF:src/app.ts
FNF:0
FNH:0
DA:1,2
DA:2,2
DA:3,2
DA:4,2
DA:5,2
DA:6,2
DA:8,2
DA:10,2
DA:11,2
DA:13,2
DA:15,2
DA:16,2
DA:18,2
LF:13
LH:13
BRF:0
BRH:0
end_of_record
TN:
SF:src/config/config.ts
FNF:0
FNH:0
DA:1,2
DA:2,2
DA:3,2
DA:4,2
DA:5,2
DA:6,0
DA:8,2
LF:7
LH:6
BRDA:4,0,0,2
BRDA:4,0,1,0
BRDA:5,1,0,0
BRDA:9,2,0,2
BRDA:9,2,1,0
BRDA:11,3,0,2
BRDA:11,3,1,0
BRF:7
BRH:3
end_of_record
TN:
SF:src/config/db.ts
FN:4,(anonymous_1)
FNF:1
FNH:1
FNDA:2,(anonymous_1)
DA:1,2
DA:2,2
DA:4,2
DA:5,2
DA:6,2
DA:7,2
DA:9,0
DA:10,0
LF:8
LH:6
BRF:0
BRH:0
end_of_record
TN:
SF:src/controllers/inventoryController.ts
FN:4,(anonymous_9)
FN:9,(anonymous_10)
FN:18,(anonymous_11)
FNF:3
FNH:3
FNDA:1,(anonymous_9)
FNDA:6,(anonymous_10)
FNDA:1,(anonymous_11)
DA:2,2
DA:4,2
DA:5,1
DA:6,1
DA:9,2
DA:10,6
DA:11,6
DA:12,2
DA:14,4
DA:18,2
DA:19,1
DA:20,1
LF:12
LH:12
BRF:0
BRH:0
end_of_record
TN:
SF:src/controllers/productController.ts
FN:5,(anonymous_9)
FN:10,(anonymous_10)
FN:22,(anonymous_11)
FN:37,(anonymous_12)
FNF:4
FNH:4
FNDA:1,(anonymous_9)
FNDA:13,(anonymous_10)
FNDA:4,(anonymous_11)
FNDA:2,(anonymous_12)
DA:3,2
DA:5,2
DA:6,1
DA:7,1
DA:10,2
DA:14,13
DA:15,13
DA:16,11
DA:18,2
DA:22,2
DA:26,4
DA:27,4
DA:28,4
DA:30,4
DA:31,1
DA:33,3
DA:37,2
DA:41,2
DA:42,2
DA:44,2
DA:45,1
DA:47,1
LF:22
LH:22
BRF:0
BRH:0
end_of_record
TN:
SF:src/docs/swagger.ts
FNF:0
FNH:0
DA:1,2
DA:3,2
DA:14,2
LF:3
LH:3
BRF:0
BRH:0
end_of_record
TN:
SF:src/models/InventoryItem.ts
FNF:0
FNH:0
DA:1,2
DA:3,2
DA:18,2
LF:3
LH:3
BRF:0
BRH:0
end_of_record
TN:
SF:src/models/Product.ts
FNF:0
FNH:0
DA:1,2
DA:3,2
DA:11,2
LF:3
LH:3
BRF:0
BRH:0
end_of_record
TN:
SF:src/routes/inventoryRoutes.ts
FNF:0
FNH:0
DA:1,2
DA:2,2
DA:8,2
DA:19,2
DA:43,2
DA:54,2
DA:57,2
LF:7
LH:7
BRF:0
BRH:0
end_of_record
TN:
SF:src/routes/productRoutes.ts
FNF:0
FNH:0
DA:1,2
DA:2,2
DA:9,2
DA:30,2
DA:39,2
DA:73,2
DA:94,2
DA:96,2
LF:8
LH:8
BRF:0
BRH:0
end_of_record
TN:
SF:src/services/inventoryService.ts
FN:5,(anonymous_0)
FN:9,(anonymous_1)
FN:37,(anonymous_2)
FNF:3
FNH:3
FNDA:1,(anonymous_0)
FNDA:6,(anonymous_1)
FNDA:1,(anonymous_2)
DA:1,2
DA:2,2
DA:5,2
DA:6,1
DA:9,2
DA:10,6
DA:11,1
DA:16,5
DA:17,5
DA:18,2
DA:23,3
DA:24,3
DA:25,1
DA:31,2
DA:32,2
DA:34,2
DA:37,2
DA:38,1
DA:39,1
LF:19
LH:19
BRDA:10,0,0,1
BRDA:17,1,0,2
BRDA:17,2,0,5
BRDA:17,2,1,4
BRDA:24,3,0,1
BRF:5
BRH:5
end_of_record
TN:
SF:src/services/productService.ts
FN:5,(anonymous_0)
FN:9,(anonymous_1)
FN:25,(anonymous_2)
FN:46,(anonymous_3)
FNF:4
FNH:4
FNDA:1,(anonymous_0)
FNDA:13,(anonymous_1)
FNDA:4,(anonymous_2)
FNDA:2,(anonymous_3)
DA:1,2
DA:3,2
DA:5,2
DA:6,1
DA:9,2
DA:10,13
DA:12,13
DA:13,1
DA:16,12
DA:17,12
DA:18,1
DA:21,11
DA:22,11
DA:25,2
DA:26,4
DA:27,1
DA:30,3
DA:31,3
DA:32,1
DA:35,2
DA:36,2
DA:37,1
DA:40,1
DA:41,1
DA:43,1
DA:46,2
DA:47,2
DA:48,2
DA:49,1
DA:52,1
DA:53,1
DA:54,1
LF:32
LH:32
BRDA:12,0,0,1
BRDA:17,1,0,1
BRDA:26,2,0,1
BRDA:31,3,0,1
BRDA:36,4,0,1
BRDA:48,5,0,1
BRF:6
BRH:6
end_of_record
